No configuration for route "/:uuid" found. SkippingNo configuration for route "/category/:uid" found. Skipping


----------------------------------
Using stored unhandled routes!.
   To discover new routes in the angular app use "npm run scully -- --scanRoutes"
----------------------------------****************************************************************************************
This is a development tool for Scully applications.
You can ignore the warning (TLS) or run scully with --no-warning
****************************************************************************************

Could not fetch data for route "/category/:uid"
Error during file write
Error: ENOENT: no such file or directory, mkdir 'C:\Users\Louay\Documents\Freelance\Reddit\Client 2 - blog\blog\dist\static\:uuid'
Error during file write
Error: ENOENT: no such file or directory, mkdir 'C:\Users\Louay\Documents\Freelance\Reddit\Client 2 - blog\blog\dist\static\category\:uid'

----------------------------------
Using stored unhandled routes!.
   To discover new routes in the angular app use "npm run scully -- --scanRoutes"
----------------------------------****************************************************************************************
This is a development tool for Scully applications.
You can ignore the warning (TLS) or run scully with --no-warning
****************************************************************************************

Could not fetch data for route "/category/:uid"
Error during file write
Error: ENOENT: no such file or directory, mkdir 'C:\Users\Louay\Documents\Freelance\Reddit\Client 2 - blog\blog\dist\static\:uuid'
Error during file write
Error: ENOENT: no such file or directory, mkdir 'C:\Users\Louay\Documents\Freelance\Reddit\Client 2 - blog\blog\dist\static\category\:uid'
----------------------------------
Using stored unhandled routes!.
   To discover new routes in the angular app use "npm run scully -- --scanRoutes"
----------------------------------****************************************************************************************
This is a development tool for Scully applications.
You can ignore the warning (TLS) or run scully with --no-warning
****************************************************************************************

Error during file write
Error: ENOENT: no such file or directory, mkdir 'C:\Users\Louay\Documents\Freelance\Reddit\Client 2 - blog\blog\dist\static\category\:uid'
Error during file write
Error: ENOENT: no such file or directory, mkdir 'C:\Users\Louay\Documents\Freelance\Reddit\Client 2 - blog\blog\dist\static\category\:uid'
Error during file write
Error: ENOENT: no such file or directory, mkdir 'C:\Users\Louay\Documents\Freelance\Reddit\Client 2 - blog\blog\dist\static\:uuid'
Error during file write
Error: ENOENT: no such file or directory, mkdir 'C:\Users\Louay\Documents\Freelance\Reddit\Client 2 - blog\blog\dist\static\category\:uid'
Error during file write
Error: ENOENT: no such file or directory, mkdir 'C:\Users\Louay\Documents\Freelance\Reddit\Client 2 - blog\blog\dist\static\category\:uid'
Error during file write
Error: ENOENT: no such file or directory, mkdir 'C:\Users\Louay\Documents\Freelance\Reddit\Client 2 - blog\blog\dist\static\category\:uid'
Error during file write
Error: ENOENT: no such file or directory, mkdir 'C:\Users\Louay\Documents\Freelance\Reddit\Client 2 - blog\blog\dist\static\category\:uid'
****************************************************************************************
This is a development tool for Scully applications.
You can ignore the warning (TLS) or run scully with --no-warning
****************************************************************************************
Error during file write
Error: ENOENT: no such file or directory, mkdir 'C:\Users\Louay\Documents\Freelance\Reddit\Client 2 - blog\blog\dist\static\category\:uid'
Error during file write
Error: ENOENT: no such file or directory, mkdir 'C:\Users\Louay\Documents\Freelance\Reddit\Client 2 - blog\blog\dist\static\category\:uid'Error during file write
Error: ENOENT: no such file or directory, mkdir 'C:\Users\Louay\Documents\Freelance\Reddit\Client 2 - blog\blog\dist\static\category\:uid'

Error during file write
Error: ENOENT: no such file or directory, mkdir 'C:\Users\Louay\Documents\Freelance\Reddit\Client 2 - blog\blog\dist\static\:uuid'
Error during file write
Error: ENOENT: no such file or directory, mkdir 'C:\Users\Louay\Documents\Freelance\Reddit\Client 2 - blog\blog\dist\static\category\:uid'
Error during file write
Error: ENOENT: no such file or directory, mkdir 'C:\Users\Louay\Documents\Freelance\Reddit\Client 2 - blog\blog\dist\static\category\:uid'
Error during file write
Error: ENOENT: no such file or directory, mkdir 'C:\Users\Louay\Documents\Freelance\Reddit\Client 2 - blog\blog\dist\static\category\:uid'
****************************************************************************************
This is a development tool for Scully applications.
You can ignore the warning (TLS) or run scully with --no-warning
****************************************************************************************
Could not fetch data for route "/category/:uid"
Error during file write
Error: ENOENT: no such file or directory, mkdir 'C:\Users\Louay\Documents\Freelance\Reddit\Client 2 - blog\blog\dist\static\category\:uid'
Error during file write
Error: ENOENT: no such file or directory, mkdir 'C:\Users\Louay\Documents\Freelance\Reddit\Client 2 - blog\blog\dist\static\:uuid'
****************************************************************************************
This is a development tool for Scully applications.
You can ignore the warning (TLS) or run scully with --no-warning
****************************************************************************************
Could not fetch data for route "/category/:uid"
Error during file write
Error: ENOENT: no such file or directory, mkdir 'C:\Users\Louay\Documents\Freelance\Reddit\Client 2 - blog\blog\dist\static\category\:uid'
Error during file write
Error: ENOENT: no such file or directory, mkdir 'C:\Users\Louay\Documents\Freelance\Reddit\Client 2 - blog\blog\dist\static\:uuid'
****************************************************************************************
This is a development tool for Scully applications.
You can ignore the warning (TLS) or run scully with --no-warning
****************************************************************************************
Error during file write
Error: ENOENT: no such file or directory, mkdir 'C:\Users\Louay\Documents\Freelance\Reddit\Client 2 - blog\blog\dist\static\:uuid'
****************************************************************************************
This is a development tool for Scully applications.
You can ignore the warning (TLS) or run scully with --no-warning
****************************************************************************************
Error during file write
Error: ENOENT: no such file or directory, mkdir 'C:\Users\Louay\Documents\Freelance\Reddit\Client 2 - blog\blog\dist\static\category\:uid'
Error during file write
Error: ENOENT: no such file or directory, mkdir 'C:\Users\Louay\Documents\Freelance\Reddit\Client 2 - blog\blog\dist\static\category\:uid'
Error during file write
Error: ENOENT: no such file or directory, mkdir 'C:\Users\Louay\Documents\Freelance\Reddit\Client 2 - blog\blog\dist\static\:uuid'
Error during file write
Error: ENOENT: no such file or directory, mkdir 'C:\Users\Louay\Documents\Freelance\Reddit\Client 2 - blog\blog\dist\static\category\:uid'
Error during file write
Error: ENOENT: no such file or directory, mkdir 'C:\Users\Louay\Documents\Freelance\Reddit\Client 2 - blog\blog\dist\static\category\:uid'
Error during file write
Error: ENOENT: no such file or directory, mkdir 'C:\Users\Louay\Documents\Freelance\Reddit\Client 2 - blog\blog\dist\static\category\:uid'
Error during file write
Error: ENOENT: no such file or directory, mkdir 'C:\Users\Louay\Documents\Freelance\Reddit\Client 2 - blog\blog\dist\static\category\:uid'
----------------------------------
Using stored unhandled routes!.
   To discover new routes in the angular app use "npm run scully -- --scanRoutes"
----------------------------------****************************************************************************************
This is a development tool for Scully applications.
You can ignore the warning (TLS) or run scully with --no-warning
****************************************************************************************

Error during file write
Error: ENOENT: no such file or directory, mkdir 'C:\Users\Louay\Documents\Freelance\Reddit\Client 2 - blog\blog\dist\static\category\:uid'
Error during file write
Error: ENOENT: no such file or directory, mkdir 'C:\Users\Louay\Documents\Freelance\Reddit\Client 2 - blog\blog\dist\static\category\:uid'
Error during file write
Error: ENOENT: no such file or directory, mkdir 'C:\Users\Louay\Documents\Freelance\Reddit\Client 2 - blog\blog\dist\static\category\:uid'
Error during file write
Error: ENOENT: no such file or directory, mkdir 'C:\Users\Louay\Documents\Freelance\Reddit\Client 2 - blog\blog\dist\static\category\:uid'
Error during file write
Error: ENOENT: no such file or directory, mkdir 'C:\Users\Louay\Documents\Freelance\Reddit\Client 2 - blog\blog\dist\static\:uuid'
Error during file write
Error: ENOENT: no such file or directory, mkdir 'C:\Users\Louay\Documents\Freelance\Reddit\Client 2 - blog\blog\dist\static\category\:uid'
Error during file write
Error: ENOENT: no such file or directory, mkdir 'C:\Users\Louay\Documents\Freelance\Reddit\Client 2 - blog\blog\dist\static\category\:uid'

----------------------------------
Using stored unhandled routes!.
   To discover new routes in the angular app use "npm run scully -- --scanRoutes"
----------------------------------****************************************************************************************
This is a development tool for Scully applications.
You can ignore the warning (TLS) or run scully with --no-warning
****************************************************************************************

Could not fetch data for route "/category/:uid"
Error during file write
Error: ENOENT: no such file or directory, mkdir 'C:\Users\Louay\Documents\Freelance\Reddit\Client 2 - blog\blog\dist\static\category\:uid'
Error during file write
Error: ENOENT: no such file or directory, mkdir 'C:\Users\Louay\Documents\Freelance\Reddit\Client 2 - blog\blog\dist\static\:uuid'

----------------------------------
Using stored unhandled routes!.
   To discover new routes in the angular app use "npm run scully -- --scanRoutes"
----------------------------------****************************************************************************************
This is a development tool for Scully applications.
You can ignore the warning (TLS) or run scully with --no-warning
****************************************************************************************

Error during file write
Error: ENOENT: no such file or directory, mkdir 'C:\Users\Louay\Documents\Freelance\Reddit\Client 2 - blog\blog\dist\static\:uuid'

----------------------------------
Using stored unhandled routes!.
   To discover new routes in the angular app use "npm run scully -- --scanRoutes"
----------------------------------****************************************************************************************
This is a development tool for Scully applications.
You can ignore the warning (TLS) or run scully with --no-warning
****************************************************************************************

Error during file write
Error: ENOENT: no such file or directory, mkdir 'C:\Users\Louay\Documents\Freelance\Reddit\Client 2 - blog\blog\dist\static\:uuid'
****************************************************************************************
This is a development tool for Scully applications.
You can ignore the warning (TLS) or run scully with --no-warning
****************************************************************************************

----------------------------------
Using stored unhandled routes!.
   To discover new routes in the angular app use "npm run scully -- --scanRoutes"
----------------------------------****************************************************************************************
This is a development tool for Scully applications.
You can ignore the warning (TLS) or run scully with --no-warning
****************************************************************************************

Puppeteer error while rendering "/7ed0619a-3583-41ab-b0db-39f49831c7a1"
TimeoutError: Navigation timeout of 30000 ms exceeded
 we will retry rendering this page up to 3 times.
